[DEBUG] 23:02:00:139 PERSONAJE/(7798:7798): Conexión con hilo orquestador establecida
[DEBUG] 23:02:11:844 PERSONAJE/(7839:7839): Conexión con hilo orquestador establecida
[DEBUG] 23:04:32:683 PERSONAJE/(7886:7886): Conexión con hilo orquestador establecida
[DEBUG] 23:55:12:232 PERSONAJE/(8112:8112): Conexión con hilo orquestador establecida
[INFO] 23:49:59:13 PERSONAJE/(9095:9095): Proximo Nivel:Nivel11
[DEBUG] 23:49:59:19 PERSONAJE/(9095:9095): Conexión con hilo orquestador establecida
[INFO] 23:52:55:739 PERSONAJE/(9132:9132): Proximo Nivel:Nivel11
[INFO] 23:55:24:900 PERSONAJE/(9197:9197): Proximo Nivel:Nivel11
[DEBUG] 23:58:05:58 PERSONAJE/(9197:9197): Conexión con hilo orquestador establecida
[DEBUG] 00:00:40:827 PERSONAJE/(9197:9197): Recibida la información del nivel y el planificador
[DEBUG] 00:01:41:585 PERSONAJE/(9197:9197): Desconectado del hilo orquestador
[INFO] 00:03:15:436 PERSONAJE/(9197:9197): Entrando al nivel...
[DEBUG] 00:06:42:419 PERSONAJE/(9197:9197): Conectado al hilo planificador del nivel
[INFO] 00:08:47:397 PERSONAJE/(9197:9197): el nuevo destino es (21,2) y el recurso es M 
[ERROR] 00:09:22:77 PERSONAJE/(9197:9197): Se intentó realizar un movimiento imposible
[INFO] 00:13:04:896 PERSONAJE/(9851:9851): Proximo Nivel:Nivel11
[DEBUG] 00:13:22:486 PERSONAJE/(9851:9851): Conexión con hilo orquestador establecida
[DEBUG] 00:13:33:624 PERSONAJE/(9851:9851): Recibida la información del nivel y el planificador
[DEBUG] 00:13:39:152 PERSONAJE/(9851:9851): Desconectado del hilo orquestador
[INFO] 00:13:58:838 PERSONAJE/(9851:9851): Entrando al nivel...
[DEBUG] 00:14:21:541 PERSONAJE/(9851:9851): Conectado al hilo planificador del nivel
[INFO] 00:15:37:833 PERSONAJE/(9851:9851): el nuevo destino es (21,2) y el recurso es M 
[ERROR] 00:16:25:31 PERSONAJE/(9851:9851): Se intentó realizar un movimiento imposible
[INFO] 00:24:13:740 PERSONAJE/(10557:10557): Proximo Nivel:Nivel11
[DEBUG] 00:24:16:601 PERSONAJE/(10557:10557): Conexión con hilo orquestador establecida
[DEBUG] 00:24:21:628 PERSONAJE/(10557:10557): Recibida la información del nivel y el planificador
[DEBUG] 00:24:22:575 PERSONAJE/(10557:10557): Desconectado del hilo orquestador
[INFO] 00:24:24:745 PERSONAJE/(10557:10557): Entrando al nivel...
[DEBUG] 00:24:27:401 PERSONAJE/(10557:10557): Conectado al hilo planificador del nivel
[INFO] 00:24:58:156 PERSONAJE/(10557:10557): el nuevo destino es (21,2) y el recurso es M 
[INFO] 00:26:33:835 PERSONAJE/(10557:10557): Se obtuvo el recurso!
[INFO] 00:26:36:111 PERSONAJE/(10557:10557): el nuevo destino es (23,5) y el recurso es F 
[INFO] 00:26:51:435 PERSONAJE/(10557:10557): Se obtuvo el recurso!
[INFO] 00:26:53:704 PERSONAJE/(10557:10557): el nuevo destino es (7,4) y el recurso es H 
[INFO] 00:28:41:870 PERSONAJE/(10557:10557): Se obtuvo el recurso!
[INFO] 00:28:47:171 PERSONAJE/(10557:10557): el nuevo destino es (23,5) y el recurso es F 
[INFO] 00:29:41:873 PERSONAJE/(10557:10557): Se obtuvo el recurso!
[INFO] 00:29:44:152 PERSONAJE/(10557:10557): el nuevo destino es (7,4) y el recurso es H 
[INFO] 00:30:31:151 PERSONAJE/(10557:10557): Se obtuvo el recurso!
[INFO] 00:30:31:712 PERSONAJE/(10557:10557): Nivel finalizado!
[DEBUG] 00:30:32:734 PERSONAJE/(10557:10557): Conexión con hilo orquestador establecida
[INFO] 00:37:24:519 PERSONAJE/(11364:11364): Proximo Nivel:Nivel11
[DEBUG] 00:37:24:522 PERSONAJE/(11364:11364): Conexión con hilo orquestador establecida
[DEBUG] 00:37:24:524 PERSONAJE/(11364:11364): Recibida la información del nivel y el planificador
[DEBUG] 00:37:24:525 PERSONAJE/(11364:11364): Desconectado del hilo orquestador
[INFO] 00:37:24:528 PERSONAJE/(11364:11364): Entrando al nivel...
[DEBUG] 00:37:24:528 PERSONAJE/(11364:11364): Conectado al hilo planificador del nivel
[INFO] 00:37:24:529 PERSONAJE/(11364:11364): el nuevo destino es (21,2) y el recurso es M 
[INFO] 00:37:36:539 PERSONAJE/(11364:11364): Se obtuvo el recurso!
[INFO] 00:37:36:539 PERSONAJE/(11364:11364): el nuevo destino es (23,5) y el recurso es F 
[INFO] 00:37:39:542 PERSONAJE/(11364:11364): Se obtuvo el recurso!
[INFO] 00:37:39:542 PERSONAJE/(11364:11364): el nuevo destino es (7,4) y el recurso es H 
[INFO] 00:37:48:549 PERSONAJE/(11364:11364): Se obtuvo el recurso!
[INFO] 00:37:51:551 PERSONAJE/(11364:11364): el nuevo destino es (23,5) y el recurso es F 
[INFO] 00:38:00:558 PERSONAJE/(11364:11364): Se obtuvo el recurso!
[INFO] 00:38:00:559 PERSONAJE/(11364:11364): el nuevo destino es (7,4) y el recurso es H 
[INFO] 00:38:09:566 PERSONAJE/(11364:11364): Se obtuvo el recurso!
[INFO] 00:38:09:567 PERSONAJE/(11364:11364): Nivel finalizado!
[DEBUG] 00:38:09:568 PERSONAJE/(11364:11364): Conexión con hilo orquestador establecida
[INFO] 00:45:15:447 PERSONAJE/(12377:12377): Proximo Nivel:Nivel11
[DEBUG] 00:45:15:451 PERSONAJE/(12377:12377): Conexión con hilo orquestador establecida
[DEBUG] 00:45:15:452 PERSONAJE/(12377:12377): Recibida la información del nivel y el planificador
[DEBUG] 00:45:15:452 PERSONAJE/(12377:12377): Desconectado del hilo orquestador
[INFO] 00:45:15:454 PERSONAJE/(12377:12377): Entrando al nivel...
[DEBUG] 00:45:15:454 PERSONAJE/(12377:12377): Conectado al hilo planificador del nivel
[INFO] 00:45:15:454 PERSONAJE/(12377:12377): el nuevo destino es (21,2) y el recurso es M 
[INFO] 00:45:37:486 PERSONAJE/(12377:12377): Se obtuvo el recurso!
[INFO] 00:45:38:488 PERSONAJE/(12377:12377): el nuevo destino es (23,5) y el recurso es F 
[INFO] 00:45:42:493 PERSONAJE/(12377:12377): Se obtuvo el recurso!
[INFO] 00:45:43:495 PERSONAJE/(12377:12377): el nuevo destino es (7,4) y el recurso es H 
[INFO] 00:45:59:516 PERSONAJE/(12377:12377): Se obtuvo el recurso!
[INFO] 00:46:00:517 PERSONAJE/(12377:12377): el nuevo destino es (23,5) y el recurso es F 
[INFO] 00:46:16:538 PERSONAJE/(12377:12377): Se obtuvo el recurso!
[INFO] 00:46:17:540 PERSONAJE/(12377:12377): el nuevo destino es (7,4) y el recurso es H 
[INFO] 00:46:33:560 PERSONAJE/(12377:12377): Se obtuvo el recurso!
[INFO] 00:46:33:560 PERSONAJE/(12377:12377): Nivel finalizado!
[DEBUG] 00:46:33:567 PERSONAJE/(12377:12377): Conexión con hilo orquestador establecida
